C:\Program Files (x86)\Microsoft Visual Studio\2017\Community\Common7\IDE\VC\VCTargets\Microsoft.CppBuild.targets(377,5): warning MSB8004: Output ディレクトリの末尾がスラッシュではありません。Output ディレクトリが適切に評価されるようにするために、このビルド インスタンスによってスラッシュが追加されます。
cl : コマンド ライン warning D9002: 不明なオプション '/arch:SSE2' を無視します。
cl : コマンド ライン warning D9002: 不明なオプション '/arch:SSE2' を無視します。
  EffekseerRenderer.DDSTextureLoader.cpp
cl : コマンド ライン warning D9002: 不明なオプション '/arch:SSE2' を無視します。
cl : コマンド ライン warning D9002: 不明なオプション '/arch:SSE2' を無視します。
  EffekseerRenderer.DXTK.DDSTextureLoader.cpp
  EffekseerRenderer.IndexBufferBase.cpp
cl : コマンド ライン warning D9002: 不明なオプション '/arch:SSE2' を無視します。
  EffekseerRenderer.ModelRendererBase.cpp
c:\users\taiki.w\git\engine\zekegame\zekegame\engine\effekseerruntime130\src\effekseerrenderercommon\effekseerrenderer.dxtk.ddstextureloader.cpp(1609): warning C4018: '<': signed と unsigned の数値を比較しようとしました。
  EffekseerRenderer.PngTextureLoader.cpp
  EffekseerRenderer.Renderer.cpp
  EffekseerRenderer.RenderStateBase.cpp
  EffekseerRenderer.RibbonRendererBase.cpp
c:\users\taiki.w\git\engine\zekegame\zekegame\engine\effekseerruntime130\src\effekseerrenderercommon\effekseerrenderer.pngtextureloader.cpp(14): warning C4005: 'WINVER': マクロが再定義されました。
  c:\program files (x86)\windows kits\10\include\10.0.16299.0\shared\sdkddkver.h(236): note: 'WINVER' の以前の定義を確認してください (ソース ファイルをコンパイルしています ..\EffekseerRendererCommon\EffekseerRenderer.PngTextureLoader.cpp)
c:\users\taiki.w\git\engine\zekegame\zekegame\engine\effekseerruntime130\src\effekseerrenderercommon\effekseerrenderer.pngtextureloader.cpp(15): warning C4005: '_WIN32_WINNT': マクロが再定義されました。
  c:\program files (x86)\windows kits\10\include\10.0.16299.0\shared\sdkddkver.h(215): note: '_WIN32_WINNT' の以前の定義を確認してください (ソース ファイルをコンパイルしています ..\EffekseerRendererCommon\EffekseerRenderer.PngTextureLoader.cpp)
  EffekseerRenderer.RingRendererBase.cpp
  EffekseerRenderer.SpriteRendererBase.cpp
  EffekseerRenderer.TrackRendererBase.cpp
  EffekseerRenderer.VertexBufferBase.cpp
  EffekseerRendererDX11.DeviceObject.cpp
  EffekseerRendererDX11.IndexBuffer.cpp
  EffekseerRendererDX11.ModelLoader.cpp
  EffekseerRendererDX11.ModelRenderer.cpp
  EffekseerRendererDX11.Renderer.cpp
c:\users\taiki.w\git\engine\zekegame\zekegame\engine\effekseerruntime130\src\effekseerrendererdx11\effekseerrenderer\effekseerrendererdx11.modelloader.cpp(56): warning C4267: '引数': 'size_t' から 'int32_t' に変換しました。データが失われているかもしれません。
c:\users\taiki.w\git\engine\zekegame\zekegame\engine\effekseerruntime130\src\effekseerrendererdx11\effekseerrenderer\effekseerrendererdx11.modelloader.cpp(50): warning C4101: 'hr': ローカル変数は 1 度も使われていません。
c:\users\taiki.w\git\engine\zekegame\zekegame\engine\effekseerruntime130\src\effekseerrenderercommon\effekseerrenderer.modelrendererbase.h(264): warning C4267: '初期化中': 'size_t' から 'int32_t' に変換しました。データが失われているかもしれません。 (ソース ファイルをコンパイルしています EffekseerRenderer\EffekseerRendererDX11.ModelRenderer.cpp)
  c:\users\taiki.w\git\engine\zekegame\zekegame\engine\effekseerruntime130\src\effekseerrendererdx11\effekseerrenderer\effekseerrendererdx11.modelrenderer.cpp(332): note: コンパイル対象の関数 テンプレート インスタンス化 'void EffekseerRenderer::ModelRendererBase::EndRendering_<EffekseerRendererDX11::RendererImplemented,EffekseerRendererDX11::Shader,EffekseerRendererDX11::Model,true,40>(RENDERER *,SHADER *,SHADER *,SHADER *,SHADER *,SHADER *,SHADER *,SHADER *,SHADER *,const EffekseerRenderer::efkModelNodeParam &)' のリファレンスを確認してください
          with
          [
              RENDERER=EffekseerRendererDX11::RendererImplemented,
              SHADER=EffekseerRendererDX11::Shader
          ]
c:\users\taiki.w\git\engine\zekegame\zekegame\engine\effekseerruntime130\src\effekseerrenderercommon\effekseerrenderer.standardrenderer.h(172): warning C4267: '初期化中': 'size_t' から 'int32_t' に変換しました。データが失われているかもしれません。 (ソース ファイルをコンパイルしています EffekseerRenderer\EffekseerRendererDX11.ModelRenderer.cpp)
  c:\users\taiki.w\git\engine\zekegame\zekegame\engine\effekseerruntime130\src\effekseerrenderercommon\effekseerrenderer.standardrenderer.h(150): note: クラス テンプレート のメンバー関数 'void EffekseerRenderer::StandardRenderer<EffekseerRendererDX11::RendererImplemented,EffekseerRendererDX11::Shader,EffekseerRendererDX11::Vertex,EffekseerRendererDX11::VertexDistortion>::Rendering(const Effekseer::Matrix44 &,const Effekseer::Matrix44 &)' のコンパイル中 (ソース ファイルをコンパイルしています EffekseerRenderer\EffekseerRendererDX11.ModelRenderer.cpp)
  c:\users\taiki.w\git\engine\zekegame\zekegame\engine\effekseerruntime130\src\effekseerrenderercommon\effekseerrenderer.standardrenderer.h(303): note: コンパイル対象の関数 テンプレート インスタンス化 'void EffekseerRenderer::StandardRenderer<EffekseerRendererDX11::RendererImplemented,EffekseerRendererDX11::Shader,EffekseerRendererDX11::Vertex,EffekseerRendererDX11::VertexDistortion>::Rendering(const Effekseer::Matrix44 &,const Effekseer::Matrix44 &)' のリファレンスを確認してください (ソース ファイルをコンパイルしています EffekseerRenderer\EffekseerRendererDX11.ModelRenderer.cpp)
  c:\users\taiki.w\git\engine\zekegame\zekegame\engine\effekseerruntime130\src\effekseerrenderercommon\effekseerrenderer.modelrendererbase.h(86): note: コンパイル対象の クラス テンプレート インスタンス化 'EffekseerRenderer::StandardRenderer<EffekseerRendererDX11::RendererImplemented,EffekseerRendererDX11::Shader,EffekseerRendererDX11::Vertex,EffekseerRendererDX11::VertexDistortion>' のリファレンスを確認してください (ソース ファイルをコンパイルしています EffekseerRenderer\EffekseerRendererDX11.ModelRenderer.cpp)
  c:\users\taiki.w\git\engine\zekegame\zekegame\engine\effekseerruntime130\src\effekseerrendererdx11\effekseerrenderer\effekseerrendererdx11.modelrenderer.cpp(309): note: コンパイル対象の関数 テンプレート インスタンス化 'void EffekseerRenderer::ModelRendererBase::BeginRendering_<EffekseerRendererDX11::RendererImplemented>(RENDERER *,const EffekseerRenderer::efkModelNodeParam &,int32_t,void *)' のリファレンスを確認してください
          with
          [
              RENDERER=EffekseerRendererDX11::RendererImplemented
          ]
c:\users\taiki.w\git\engine\zekegame\zekegame\engine\effekseerruntime130\src\effekseerrenderercommon\effekseerrenderer.standardrenderer.h(183): warning C4267: '引数': 'size_t' から 'int' に変換しました。データが失われているかもしれません。 (ソース ファイルをコンパイルしています EffekseerRenderer\EffekseerRendererDX11.ModelRenderer.cpp)
c:\users\taiki.w\git\engine\zekegame\zekegame\engine\effekseerruntime130\src\effekseerrenderercommon\effekseerrenderer.standardrenderer.h(192): warning C4267: '引数': 'size_t' から 'int32_t' に変換しました。データが失われているかもしれません。 (ソース ファイルをコンパイルしています EffekseerRenderer\EffekseerRendererDX11.ModelRenderer.cpp)
  EffekseerRendererDX11.RenderState.cpp
  EffekseerRendererDX11.Shader.cpp
  EffekseerRendererDX11.TextureLoader.cpp
c:\users\taiki.w\git\engine\zekegame\zekegame\engine\effekseerruntime130\src\effekseerrenderercommon\effekseerrenderer.standardrenderer.h(172): warning C4267: '初期化中': 'size_t' から 'int32_t' に変換しました。データが失われているかもしれません。 (ソース ファイルをコンパイルしています EffekseerRenderer\EffekseerRendererDX11.Renderer.cpp)
  c:\users\taiki.w\git\engine\zekegame\zekegame\engine\effekseerruntime130\src\effekseerrenderercommon\effekseerrenderer.standardrenderer.h(150): note: クラス テンプレート のメンバー関数 'void EffekseerRenderer::StandardRenderer<EffekseerRendererDX11::RendererImplemented,EffekseerRendererDX11::Shader,EffekseerRendererDX11::Vertex,EffekseerRendererDX11::VertexDistortion>::Rendering(const Effekseer::Matrix44 &,const Effekseer::Matrix44 &)' のコンパイル中 (ソース ファイルをコンパイルしています EffekseerRenderer\EffekseerRendererDX11.Renderer.cpp)
  c:\users\taiki.w\git\engine\zekegame\zekegame\engine\effekseerruntime130\src\effekseerrenderercommon\effekseerrenderer.ringrendererbase.h(409): note: コンパイル対象の関数 テンプレート インスタンス化 'void EffekseerRenderer::StandardRenderer<EffekseerRendererDX11::RendererImplemented,EffekseerRendererDX11::Shader,EffekseerRendererDX11::Vertex,EffekseerRendererDX11::VertexDistortion>::Rendering(const Effekseer::Matrix44 &,const Effekseer::Matrix44 &)' のリファレンスを確認してください (ソース ファイルをコンパイルしています EffekseerRenderer\EffekseerRendererDX11.Renderer.cpp)
  c:\users\taiki.w\git\engine\zekegame\zekegame\engine\effekseerruntime130\src\effekseerrendererdx11\effekseerrenderer\effekseerrendererdx11.renderer.cpp(294): note: コンパイル対象の クラス テンプレート インスタンス化 'EffekseerRenderer::StandardRenderer<EffekseerRendererDX11::RendererImplemented,EffekseerRendererDX11::Shader,EffekseerRendererDX11::Vertex,EffekseerRendererDX11::VertexDistortion>' のリファレンスを確認してください
c:\users\taiki.w\git\engine\zekegame\zekegame\engine\effekseerruntime130\src\effekseerrenderercommon\effekseerrenderer.standardrenderer.h(183): warning C4267: '引数': 'size_t' から 'int' に変換しました。データが失われているかもしれません。 (ソース ファイルをコンパイルしています EffekseerRenderer\EffekseerRendererDX11.Renderer.cpp)
c:\users\taiki.w\git\engine\zekegame\zekegame\engine\effekseerruntime130\src\effekseerrenderercommon\effekseerrenderer.standardrenderer.h(192): warning C4267: '引数': 'size_t' から 'int32_t' に変換しました。データが失われているかもしれません。 (ソース ファイルをコンパイルしています EffekseerRenderer\EffekseerRendererDX11.Renderer.cpp)
c:\users\taiki.w\git\engine\zekegame\zekegame\engine\effekseerruntime130\src\effekseerrenderercommon\effekseerrenderer.standardrenderer.h(124): warning C4267: '=': 'size_t' から 'int32_t' に変換しました。データが失われているかもしれません。 (ソース ファイルをコンパイルしています EffekseerRenderer\EffekseerRendererDX11.Renderer.cpp)
  c:\users\taiki.w\git\engine\zekegame\zekegame\engine\effekseerruntime130\src\effekseerrenderercommon\effekseerrenderer.standardrenderer.h(114): note: クラス テンプレート のメンバー関数 'void EffekseerRenderer::StandardRenderer<EffekseerRendererDX11::RendererImplemented,EffekseerRendererDX11::Shader,EffekseerRendererDX11::Vertex,EffekseerRendererDX11::VertexDistortion>::BeginRenderingAndRenderingIfRequired(int32_t,int32_t &,void *&)' のコンパイル中 (ソース ファイルをコンパイルしています EffekseerRenderer\EffekseerRendererDX11.Renderer.cpp)
  c:\users\taiki.w\git\engine\zekegame\zekegame\engine\effekseerruntime130\src\effekseerrenderercommon\effekseerrenderer.trackrendererbase.h(105): note: コンパイル対象の関数 テンプレート インスタンス化 'void EffekseerRenderer::StandardRenderer<EffekseerRendererDX11::RendererImplemented,EffekseerRendererDX11::Shader,EffekseerRendererDX11::Vertex,EffekseerRendererDX11::VertexDistortion>::BeginRenderingAndRenderingIfRequired(int32_t,int32_t &,void *&)' のリファレンスを確認してください (ソース ファイルをコンパイルしています EffekseerRenderer\EffekseerRendererDX11.Renderer.cpp)
c:\users\taiki.w\git\engine\zekegame\zekegame\engine\effekseerruntime130\src\effekseerrenderercommon\effekseerrenderer.standardrenderer.h(136): warning C4267: '=': 'size_t' から 'int32_t' に変換しました。データが失われているかもしれません。 (ソース ファイルをコンパイルしています EffekseerRenderer\EffekseerRendererDX11.Renderer.cpp)
c:\users\taiki.w\git\engine\zekegame\zekegame\engine\effekseerruntime130\src\effekseerrendererdx11\effekseerrenderer\effekseerrendererdx11.textureloader.cpp(73): warning C4267: '引数': 'size_t' から 'int32_t' に変換しました。データが失われているかもしれません。
c:\users\taiki.w\git\engine\zekegame\zekegame\engine\effekseerruntime130\src\effekseerrendererdx11\effekseerrenderer\effekseerrendererdx11.textureloader.cpp(142): warning C4267: '引数': 'size_t' から 'int32_t' に変換しました。データが失われているかもしれません。
  EffekseerRendererDX11.VertexBuffer.cpp
  EffekseerRendererDX11.vcxproj -> C:\Users\Taiki.W\git\Engine\ZekeGame\ZekeGame\Engine\EffekseerRuntime130\src\EffekseerRendererDX11\..\..\..\..\exlib\Release\EffekseerRendererDX11.Release.lib
