c:\users\taiki.w\git\tgame\zekegame\zekegame\engine\effekseerruntime130\src\effekseerrendererdx11\x64\debug\effekseerrenderer.dxtk.ddstextureloader.obj
c:\users\taiki.w\git\tgame\zekegame\zekegame\engine\effekseerruntime130\src\effekseerrendererdx11\x64\debug\effekseerrenderer.renderer.obj
c:\users\taiki.w\git\tgame\zekegame\zekegame\engine\effekseerruntime130\src\effekseerrendererdx11\x64\debug\effekseerrenderer.ringrendererbase.obj
c:\users\taiki.w\git\tgame\zekegame\zekegame\engine\effekseerruntime130\src\effekseerrendererdx11\x64\debug\effekseerrendererdx11.deviceobject.obj
c:\users\taiki.w\git\tgame\zekegame\zekegame\engine\effekseerruntime130\src\effekseerrendererdx11\x64\debug\effekseerrendererdx11.renderer.obj
c:\users\taiki.w\git\tgame\zekegame\zekegame\engine\effekseerruntime130\src\effekseerrendererdx11\x64\debug\effekseerrenderer.ddstextureloader.obj
c:\users\taiki.w\git\tgame\zekegame\zekegame\engine\effekseerruntime130\src\effekseerrendererdx11\x64\debug\effekseerrenderer.renderstatebase.obj
c:\users\taiki.w\git\tgame\zekegame\zekegame\engine\effekseerruntime130\src\effekseerrendererdx11\x64\debug\effekseerrenderer.spriterendererbase.obj
c:\users\taiki.w\git\tgame\zekegame\zekegame\engine\effekseerruntime130\src\effekseerrendererdx11\x64\debug\effekseerrendererdx11.indexbuffer.obj
c:\users\taiki.w\git\tgame\zekegame\zekegame\engine\effekseerruntime130\src\effekseerrendererdx11\x64\debug\effekseerrendererdx11.renderstate.obj
c:\users\taiki.w\git\tgame\zekegame\zekegame\engine\effekseerruntime130\src\effekseerrendererdx11\x64\debug\effekseerrendererdx11.vertexbuffer.obj
c:\users\taiki.w\git\tgame\zekegame\zekegame\engine\effekseerruntime130\src\effekseerrendererdx11\x64\debug\effekseerrenderer.modelrendererbase.obj
c:\users\taiki.w\git\tgame\zekegame\zekegame\engine\effekseerruntime130\src\effekseerrendererdx11\x64\debug\effekseerrenderer.ribbonrendererbase.obj
c:\users\taiki.w\git\tgame\zekegame\zekegame\engine\effekseerruntime130\src\effekseerrendererdx11\x64\debug\effekseerrenderer.vertexbufferbase.obj
c:\users\taiki.w\git\tgame\zekegame\zekegame\engine\effekseerruntime130\src\effekseerrendererdx11\x64\debug\effekseerrendererdx11.modelloader.obj
c:\users\taiki.w\git\tgame\zekegame\zekegame\engine\effekseerruntime130\src\effekseerrendererdx11\x64\debug\effekseerrendererdx11.shader.obj
c:\users\taiki.w\git\tgame\zekegame\zekegame\engine\effekseerruntime130\src\effekseerrendererdx11\x64\debug\effekseerrenderer.indexbufferbase.obj
c:\users\taiki.w\git\tgame\zekegame\zekegame\engine\effekseerruntime130\src\effekseerrendererdx11\x64\debug\effekseerrenderer.pngtextureloader.obj
c:\users\taiki.w\git\tgame\zekegame\zekegame\engine\effekseerruntime130\src\effekseerrendererdx11\x64\debug\effekseerrenderer.trackrendererbase.obj
c:\users\taiki.w\git\tgame\zekegame\zekegame\engine\effekseerruntime130\src\effekseerrendererdx11\x64\debug\effekseerrendererdx11.modelrenderer.obj
c:\users\taiki.w\git\tgame\zekegame\zekegame\engine\effekseerruntime130\src\effekseerrendererdx11\x64\debug\effekseerrendererdx11.textureloader.obj
c:\users\taiki.w\git\tgame\zekegame\zekegame\exlib\debug\effekseerrendererdx11.debug.lib
c:\users\taiki.w\git\tgame\zekegame\zekegame\engine\effekseerruntime130\src\effekseerrendererdx11\..\..\..\..\exlib\debug\effekseerrendererdx11.debug.lib
c:\users\taiki.w\git\tgame\zekegame\zekegame\engine\effekseerruntime130\src\effekseerrendererdx11\x64\debug\effeksee.4e7a02cf.tlog\cl.13464.write.1.tlog
c:\users\taiki.w\git\tgame\zekegame\zekegame\engine\effekseerruntime130\src\effekseerrendererdx11\x64\debug\effeksee.4e7a02cf.tlog\cl.command.1.tlog
c:\users\taiki.w\git\tgame\zekegame\zekegame\engine\effekseerruntime130\src\effekseerrendererdx11\x64\debug\effeksee.4e7a02cf.tlog\cl.read.1.tlog
c:\users\taiki.w\git\tgame\zekegame\zekegame\engine\effekseerruntime130\src\effekseerrendererdx11\x64\debug\effeksee.4e7a02cf.tlog\lib-link.read.1.tlog
c:\users\taiki.w\git\tgame\zekegame\zekegame\engine\effekseerruntime130\src\effekseerrendererdx11\x64\debug\effeksee.4e7a02cf.tlog\lib-link.write.1.tlog
c:\users\taiki.w\git\tgame\zekegame\zekegame\engine\effekseerruntime130\src\effekseerrendererdx11\x64\debug\effeksee.4e7a02cf.tlog\lib.command.1.tlog
