cl : コマンド ライン warning D9002: 不明なオプション '/arch:SSE' を無視します。
  btKinematicCharacterController.cpp
  btConeTwistConstraint.cpp
c:\users\taiki.w\git\mygame\zekegame\zekegame\bulletphysics\src\bulletdynamics\constraintsolver\btconetwistconstraint.cpp(868): warning C4244: '=': 'double' から 'btScalar' への変換です。データが失われる可能性があります。
c:\users\taiki.w\git\mygame\zekegame\zekegame\bulletphysics\src\bulletdynamics\constraintsolver\btconetwistconstraint.cpp(913): warning C4244: '=': 'double' から 'float' への変換です。データが失われる可能性があります。
c:\users\taiki.w\git\mygame\zekegame\zekegame\bulletphysics\src\bulletdynamics\constraintsolver\btconetwistconstraint.cpp(973): warning C4244: '=': 'double' から 'btScalar' への変換です。データが失われる可能性があります。
c:\users\taiki.w\git\mygame\zekegame\zekegame\bulletphysics\src\bulletdynamics\constraintsolver\btconetwistconstraint.cpp(975): warning C4244: '=': 'double' から 'btScalar' への変換です。データが失われる可能性があります。
  btContactConstraint.cpp
c:\users\taiki.w\git\mygame\zekegame\zekegame\bulletphysics\src\bulletdynamics\constraintsolver\btcontactconstraint.h(25): warning C4359: 'btContactConstraint': アライメント指定子は実際のアラインメント (128) より小さいため、無視されます。
  btFixedConstraint.cpp
  btGearConstraint.cpp
  btGeneric6DofConstraint.cpp
  btGeneric6DofSpring2Constraint.cpp
c:\users\taiki.w\git\mygame\zekegame\zekegame\bulletphysics\src\bulletdynamics\constraintsolver\btgeneric6dofspring2constraint.cpp(786): warning C4244: '初期化中': 'double' から 'btScalar' への変換です。データが失われる可能性があります。
  btGeneric6DofSpringConstraint.cpp
  btHinge2Constraint.cpp
  btHingeConstraint.cpp
  btNNCGConstraintSolver.cpp
  btPoint2PointConstraint.cpp
  btSequentialImpulseConstraintSolver.cpp
  btSliderConstraint.cpp
  btSolve2LinearConstraint.cpp
  btTypedConstraint.cpp
  btUniversalConstraint.cpp
  btDiscreteDynamicsWorld.cpp
c:\users\taiki.w\git\mygame\zekegame\zekegame\bulletphysics\src\bulletdynamics\constraintsolver\btcontactconstraint.h(25): warning C4359: 'btContactConstraint': アライメント指定子は実際のアラインメント (128) より小さいため、無視されます。
  btRigidBody.cpp
  btSimpleDynamicsWorld.cpp
  コードを生成中...
  コンパイル中...
  btMultiBody.cpp
  btMultiBodyConstraint.cpp
  btMultiBodyConstraintSolver.cpp
  btMultiBodyDynamicsWorld.cpp
  btMultiBodyJointLimitConstraint.cpp
c:\users\taiki.w\git\mygame\zekegame\zekegame\bulletphysics\src\bulletdynamics\featherstone\btmultibodyjointlimitconstraint.cpp(114): warning C4244: '初期化中': 'int' から 'btScalar' への変換です。データが失われる可能性があります。
  btMultiBodyJointMotor.cpp
  btMultiBodyPoint2Point.cpp
  btDantzigLCP.cpp
  btLemkeAlgorithm.cpp
  btMLCPSolver.cpp
  btRaycastVehicle.cpp
c:\users\taiki.w\git\mygame\zekegame\zekegame\bulletphysics\src\bulletdynamics\constraintsolver\btcontactconstraint.h(25): warning C4359: 'btContactConstraint': アライメント指定子は実際のアラインメント (128) より小さいため、無視されます。
  btWheelInfo.cpp
  コードを生成中...
  BulletDynamics.vcxproj -> C:\Users\Taiki.W\git\MyGame\ZekeGame\x64\Release\BulletDynamics.lib
