  Assets\Sprite\Test.png
  Assets\modelData\Test.FBX
  CharacterController.cpp
c:\users\taiki.w\git\tgame\zekegame\zekegame\engine\graphics\skinmodel.h(132): warning C4305: '引数': 'double' から 'float' へ切り詰めます。
c:\users\taiki.w\git\tgame\zekegame\zekegame\engine\graphics\skinmodelrender.h(89): warning C4305: '引数': 'double' から 'float' へ切り詰めます。
c:\users\taiki.w\git\tgame\zekegame\zekegame\engine\graphics\skinmodelrender.h(91): warning C4305: '引数': 'double' から 'float' へ切り詰めます。
  Engine.cpp
c:\users\taiki.w\git\tgame\zekegame\zekegame\engine\graphics\skinmodel.h(132): warning C4305: '引数': 'double' から 'float' へ切り詰めます。
c:\users\taiki.w\git\tgame\zekegame\zekegame\engine\graphics\skinmodelrender.h(89): warning C4305: '引数': 'double' から 'float' へ切り詰めます。
c:\users\taiki.w\git\tgame\zekegame\zekegame\engine\graphics\skinmodelrender.h(91): warning C4305: '引数': 'double' から 'float' へ切り詰めます。
c:\users\taiki.w\git\tgame\zekegame\zekegame\engine\engine.cpp(47): warning C4244: '初期化中': 'double' から 'float' への変換です。データが失われる可能性があります。
  EngineStruct.cpp
c:\users\taiki.w\git\tgame\zekegame\zekegame\engine\graphics\skinmodel.h(132): warning C4305: '引数': 'double' から 'float' へ切り詰めます。
c:\users\taiki.w\git\tgame\zekegame\zekegame\engine\graphics\skinmodelrender.h(89): warning C4305: '引数': 'double' から 'float' へ切り詰めます。
c:\users\taiki.w\git\tgame\zekegame\zekegame\engine\graphics\skinmodelrender.h(91): warning C4305: '引数': 'double' から 'float' へ切り詰めます。
  FPSCounter.cpp
c:\users\taiki.w\git\tgame\zekegame\zekegame\engine\graphics\skinmodel.h(132): warning C4305: '引数': 'double' から 'float' へ切り詰めます。
c:\users\taiki.w\git\tgame\zekegame\zekegame\engine\graphics\skinmodelrender.h(89): warning C4305: '引数': 'double' から 'float' へ切り詰めます。
c:\users\taiki.w\git\tgame\zekegame\zekegame\engine\graphics\skinmodelrender.h(91): warning C4305: '引数': 'double' から 'float' へ切り詰めます。
  CTransform.cpp
c:\users\taiki.w\git\tgame\zekegame\zekegame\engine\graphics\skinmodel.h(132): warning C4305: '引数': 'double' から 'float' へ切り詰めます。
c:\users\taiki.w\git\tgame\zekegame\zekegame\engine\graphics\skinmodelrender.h(89): warning C4305: '引数': 'double' から 'float' へ切り詰めます。
c:\users\taiki.w\git\tgame\zekegame\zekegame\engine\graphics\skinmodelrender.h(91): warning C4305: '引数': 'double' から 'float' へ切り詰めます。
  GameObject.cpp
c:\users\taiki.w\git\tgame\zekegame\zekegame\engine\graphics\skinmodel.h(132): warning C4305: '引数': 'double' から 'float' へ切り詰めます。
c:\users\taiki.w\git\tgame\zekegame\zekegame\engine\graphics\skinmodelrender.h(89): warning C4305: '引数': 'double' から 'float' へ切り詰めます。
c:\users\taiki.w\git\tgame\zekegame\zekegame\engine\graphics\skinmodelrender.h(91): warning C4305: '引数': 'double' から 'float' へ切り詰めます。
  GameObjectManager.cpp
c:\users\taiki.w\git\tgame\zekegame\zekegame\engine\graphics\skinmodel.h(132): warning C4305: '引数': 'double' から 'float' へ切り詰めます。
c:\users\taiki.w\git\tgame\zekegame\zekegame\engine\graphics\skinmodelrender.h(89): warning C4305: '引数': 'double' から 'float' へ切り詰めます。
c:\users\taiki.w\git\tgame\zekegame\zekegame\engine\graphics\skinmodelrender.h(91): warning C4305: '引数': 'double' から 'float' へ切り詰めます。
  Animation.cpp
c:\users\taiki.w\git\tgame\zekegame\zekegame\engine\graphics\skinmodel.h(132): warning C4305: '引数': 'double' から 'float' へ切り詰めます。
c:\users\taiki.w\git\tgame\zekegame\zekegame\engine\graphics\skinmodelrender.h(89): warning C4305: '引数': 'double' から 'float' へ切り詰めます。
c:\users\taiki.w\git\tgame\zekegame\zekegame\engine\graphics\skinmodelrender.h(91): warning C4305: '引数': 'double' から 'float' へ切り詰めます。
  AnimationClip.cpp
c:\users\taiki.w\git\tgame\zekegame\zekegame\engine\graphics\skinmodel.h(132): warning C4305: '引数': 'double' から 'float' へ切り詰めます。
c:\users\taiki.w\git\tgame\zekegame\zekegame\engine\graphics\skinmodelrender.h(89): warning C4305: '引数': 'double' から 'float' へ切り詰めます。
c:\users\taiki.w\git\tgame\zekegame\zekegame\engine\graphics\skinmodelrender.h(91): warning C4305: '引数': 'double' から 'float' へ切り詰めます。
  AnimationPlayController.cpp
c:\users\taiki.w\git\tgame\zekegame\zekegame\engine\graphics\skinmodel.h(132): warning C4305: '引数': 'double' から 'float' へ切り詰めます。
c:\users\taiki.w\git\tgame\zekegame\zekegame\engine\graphics\skinmodelrender.h(89): warning C4305: '引数': 'double' から 'float' へ切り詰めます。
c:\users\taiki.w\git\tgame\zekegame\zekegame\engine\graphics\skinmodelrender.h(91): warning C4305: '引数': 'double' から 'float' へ切り詰めます。
  Camera.cpp
c:\users\taiki.w\git\tgame\zekegame\zekegame\engine\graphics\skinmodel.h(132): warning C4305: '引数': 'double' から 'float' へ切り詰めます。
c:\users\taiki.w\git\tgame\zekegame\zekegame\engine\graphics\skinmodelrender.h(89): warning C4305: '引数': 'double' から 'float' へ切り詰めます。
c:\users\taiki.w\git\tgame\zekegame\zekegame\engine\graphics\skinmodelrender.h(91): warning C4305: '引数': 'double' から 'float' へ切り詰めます。
  CCameraCollisionSlover.cpp
c:\users\taiki.w\git\tgame\zekegame\zekegame\engine\graphics\skinmodel.h(132): warning C4305: '引数': 'double' から 'float' へ切り詰めます。
c:\users\taiki.w\git\tgame\zekegame\zekegame\engine\graphics\skinmodelrender.h(89): warning C4305: '引数': 'double' から 'float' へ切り詰めます。
c:\users\taiki.w\git\tgame\zekegame\zekegame\engine\graphics\skinmodelrender.h(91): warning C4305: '引数': 'double' から 'float' へ切り詰めます。
  CConstantBuffer.cpp
c:\users\taiki.w\git\tgame\zekegame\zekegame\engine\graphics\skinmodel.h(132): warning C4305: '引数': 'double' から 'float' へ切り詰めます。
c:\users\taiki.w\git\tgame\zekegame\zekegame\engine\graphics\skinmodelrender.h(89): warning C4305: '引数': 'double' から 'float' へ切り詰めます。
c:\users\taiki.w\git\tgame\zekegame\zekegame\engine\graphics\skinmodelrender.h(91): warning C4305: '引数': 'double' から 'float' へ切り詰めます。
  CIndexBuffer.cpp
c:\users\taiki.w\git\tgame\zekegame\zekegame\engine\graphics\skinmodel.h(132): warning C4305: '引数': 'double' から 'float' へ切り詰めます。
c:\users\taiki.w\git\tgame\zekegame\zekegame\engine\graphics\skinmodelrender.h(89): warning C4305: '引数': 'double' から 'float' へ切り詰めます。
c:\users\taiki.w\git\tgame\zekegame\zekegame\engine\graphics\skinmodelrender.h(91): warning C4305: '引数': 'double' から 'float' へ切り詰めます。
  CPrimitive.cpp
c:\users\taiki.w\git\tgame\zekegame\zekegame\engine\graphics\skinmodel.h(132): warning C4305: '引数': 'double' から 'float' へ切り詰めます。
c:\users\taiki.w\git\tgame\zekegame\zekegame\engine\graphics\skinmodelrender.h(89): warning C4305: '引数': 'double' から 'float' へ切り詰めます。
c:\users\taiki.w\git\tgame\zekegame\zekegame\engine\graphics\skinmodelrender.h(91): warning C4305: '引数': 'double' から 'float' へ切り詰めます。
  CRenderContext.cpp
c:\users\taiki.w\git\tgame\zekegame\zekegame\engine\graphics\skinmodel.h(132): warning C4305: '引数': 'double' から 'float' へ切り詰めます。
c:\users\taiki.w\git\tgame\zekegame\zekegame\engine\graphics\skinmodelrender.h(89): warning C4305: '引数': 'double' から 'float' へ切り詰めます。
c:\users\taiki.w\git\tgame\zekegame\zekegame\engine\graphics\skinmodelrender.h(91): warning C4305: '引数': 'double' から 'float' へ切り詰めます。
  CSamplerState.cpp
c:\users\taiki.w\git\tgame\zekegame\zekegame\engine\graphics\skinmodel.h(132): warning C4305: '引数': 'double' から 'float' へ切り詰めます。
c:\users\taiki.w\git\tgame\zekegame\zekegame\engine\graphics\skinmodelrender.h(89): warning C4305: '引数': 'double' から 'float' へ切り詰めます。
c:\users\taiki.w\git\tgame\zekegame\zekegame\engine\graphics\skinmodelrender.h(91): warning C4305: '引数': 'double' から 'float' へ切り詰めます。
  CShader.cpp
c:\users\taiki.w\git\tgame\zekegame\zekegame\engine\graphics\skinmodel.h(132): warning C4305: '引数': 'double' から 'float' へ切り詰めます。
c:\users\taiki.w\git\tgame\zekegame\zekegame\engine\graphics\skinmodelrender.h(89): warning C4305: '引数': 'double' から 'float' へ切り詰めます。
c:\users\taiki.w\git\tgame\zekegame\zekegame\engine\graphics\skinmodelrender.h(91): warning C4305: '引数': 'double' から 'float' へ切り詰めます。
  CShaderResource.cpp
c:\users\taiki.w\git\tgame\zekegame\zekegame\engine\graphics\skinmodel.h(132): warning C4305: '引数': 'double' から 'float' へ切り詰めます。
c:\users\taiki.w\git\tgame\zekegame\zekegame\engine\graphics\skinmodelrender.h(89): warning C4305: '引数': 'double' から 'float' へ切り詰めます。
c:\users\taiki.w\git\tgame\zekegame\zekegame\engine\graphics\skinmodelrender.h(91): warning C4305: '引数': 'double' から 'float' へ切り詰めます。
  CUnorderedAccessView.cpp
c:\users\taiki.w\git\tgame\zekegame\zekegame\engine\graphics\skinmodel.h(132): warning C4305: '引数': 'double' から 'float' へ切り詰めます。
c:\users\taiki.w\git\tgame\zekegame\zekegame\engine\graphics\skinmodelrender.h(89): warning C4305: '引数': 'double' から 'float' へ切り詰めます。
c:\users\taiki.w\git\tgame\zekegame\zekegame\engine\graphics\skinmodelrender.h(91): warning C4305: '引数': 'double' から 'float' へ切り詰めます。
c:\users\taiki.w\git\tgame\zekegame\zekegame\engine\graphics\structedbuffer.h(6): warning C4099: 'ID3D11Buffer': タイプ名は最初 'struct' として使われていましたが 'class' として使われています。
  c:\program files (x86)\windows kits\10\include\10.0.16299.0\um\d3d11.h(2408): note: 'ID3D11Buffer' の宣言を確認してください
  コンパイル中...
  CUtil.cpp
c:\users\taiki.w\git\tgame\zekegame\zekegame\engine\graphics\skinmodel.h(132): warning C4305: '引数': 'double' から 'float' へ切り詰めます。
c:\users\taiki.w\git\tgame\zekegame\zekegame\engine\graphics\skinmodelrender.h(89): warning C4305: '引数': 'double' から 'float' へ切り詰めます。
c:\users\taiki.w\git\tgame\zekegame\zekegame\engine\graphics\skinmodelrender.h(91): warning C4305: '引数': 'double' から 'float' へ切り詰めます。
  CVertexBuffer.cpp
c:\users\taiki.w\git\tgame\zekegame\zekegame\engine\graphics\skinmodel.h(132): warning C4305: '引数': 'double' から 'float' へ切り詰めます。
c:\users\taiki.w\git\tgame\zekegame\zekegame\engine\graphics\skinmodelrender.h(89): warning C4305: '引数': 'double' から 'float' へ切り詰めます。
c:\users\taiki.w\git\tgame\zekegame\zekegame\engine\graphics\skinmodelrender.h(91): warning C4305: '引数': 'double' から 'float' へ切り詰めます。
  CEffect.cpp
c:\users\taiki.w\git\tgame\zekegame\zekegame\engine\graphics\skinmodel.h(132): warning C4305: '引数': 'double' から 'float' へ切り詰めます。
c:\users\taiki.w\git\tgame\zekegame\zekegame\engine\graphics\skinmodelrender.h(89): warning C4305: '引数': 'double' から 'float' へ切り詰めます。
c:\users\taiki.w\git\tgame\zekegame\zekegame\engine\graphics\skinmodelrender.h(91): warning C4305: '引数': 'double' から 'float' へ切り詰めます。
  CEffectEngine.cpp
c:\users\taiki.w\git\tgame\zekegame\zekegame\engine\graphics\skinmodel.h(132): warning C4305: '引数': 'double' から 'float' へ切り詰めます。
c:\users\taiki.w\git\tgame\zekegame\zekegame\engine\graphics\skinmodelrender.h(89): warning C4305: '引数': 'double' から 'float' へ切り詰めます。
c:\users\taiki.w\git\tgame\zekegame\zekegame\engine\graphics\skinmodelrender.h(91): warning C4305: '引数': 'double' から 'float' へ切り詰めます。
  CFONT.cpp
c:\users\taiki.w\git\tgame\zekegame\zekegame\engine\graphics\skinmodel.h(132): warning C4305: '引数': 'double' から 'float' へ切り詰めます。
c:\users\taiki.w\git\tgame\zekegame\zekegame\engine\graphics\skinmodelrender.h(89): warning C4305: '引数': 'double' から 'float' へ切り詰めます。
c:\users\taiki.w\git\tgame\zekegame\zekegame\engine\graphics\skinmodelrender.h(91): warning C4305: '引数': 'double' から 'float' へ切り詰めます。
  CGPUBuffer.cpp
c:\users\taiki.w\git\tgame\zekegame\zekegame\engine\graphics\skinmodel.h(132): warning C4305: '引数': 'double' から 'float' へ切り詰めます。
c:\users\taiki.w\git\tgame\zekegame\zekegame\engine\graphics\skinmodelrender.h(89): warning C4305: '引数': 'double' から 'float' へ切り詰めます。
c:\users\taiki.w\git\tgame\zekegame\zekegame\engine\graphics\skinmodelrender.h(91): warning C4305: '引数': 'double' から 'float' へ切り詰めます。
  GraphicsEngine.cpp
c:\users\taiki.w\git\tgame\zekegame\zekegame\engine\graphics\skinmodel.h(132): warning C4305: '引数': 'double' から 'float' へ切り詰めます。
c:\users\taiki.w\git\tgame\zekegame\zekegame\engine\graphics\skinmodelrender.h(89): warning C4305: '引数': 'double' から 'float' へ切り詰めます。
c:\users\taiki.w\git\tgame\zekegame\zekegame\engine\graphics\skinmodelrender.h(91): warning C4305: '引数': 'double' から 'float' へ切り詰めます。
  RenderTarget.cpp
c:\users\taiki.w\git\tgame\zekegame\zekegame\engine\graphics\skinmodel.h(132): warning C4305: '引数': 'double' から 'float' へ切り詰めます。
c:\users\taiki.w\git\tgame\zekegame\zekegame\engine\graphics\skinmodelrender.h(89): warning C4305: '引数': 'double' から 'float' へ切り詰めます。
c:\users\taiki.w\git\tgame\zekegame\zekegame\engine\graphics\skinmodelrender.h(91): warning C4305: '引数': 'double' から 'float' へ切り詰めます。
  Shader.cpp
c:\users\taiki.w\git\tgame\zekegame\zekegame\engine\graphics\skinmodel.h(132): warning C4305: '引数': 'double' から 'float' へ切り詰めます。
c:\users\taiki.w\git\tgame\zekegame\zekegame\engine\graphics\skinmodelrender.h(89): warning C4305: '引数': 'double' から 'float' へ切り詰めます。
c:\users\taiki.w\git\tgame\zekegame\zekegame\engine\graphics\skinmodelrender.h(91): warning C4305: '引数': 'double' から 'float' へ切り詰めます。
  ShaderResouceView.cpp
c:\users\taiki.w\git\tgame\zekegame\zekegame\engine\graphics\skinmodel.h(132): warning C4305: '引数': 'double' から 'float' へ切り詰めます。
c:\users\taiki.w\git\tgame\zekegame\zekegame\engine\graphics\skinmodelrender.h(89): warning C4305: '引数': 'double' から 'float' へ切り詰めます。
c:\users\taiki.w\git\tgame\zekegame\zekegame\engine\graphics\skinmodelrender.h(91): warning C4305: '引数': 'double' から 'float' へ切り詰めます。
c:\users\taiki.w\git\tgame\zekegame\zekegame\engine\graphics\structedbuffer.h(6): warning C4099: 'ID3D11Buffer': タイプ名は最初 'struct' として使われていましたが 'class' として使われています。
  c:\program files (x86)\windows kits\10\include\10.0.16299.0\um\d3d11.h(2408): note: 'ID3D11Buffer' の宣言を確認してください
  ShaderResources.cpp
c:\users\taiki.w\git\tgame\zekegame\zekegame\engine\graphics\skinmodel.h(132): warning C4305: '引数': 'double' から 'float' へ切り詰めます。
c:\users\taiki.w\git\tgame\zekegame\zekegame\engine\graphics\skinmodelrender.h(89): warning C4305: '引数': 'double' から 'float' へ切り詰めます。
c:\users\taiki.w\git\tgame\zekegame\zekegame\engine\graphics\skinmodelrender.h(91): warning C4305: '引数': 'double' から 'float' へ切り詰めます。
  Skelton.cpp
c:\users\taiki.w\git\tgame\zekegame\zekegame\engine\graphics\skinmodel.h(132): warning C4305: '引数': 'double' から 'float' へ切り詰めます。
c:\users\taiki.w\git\tgame\zekegame\zekegame\engine\graphics\skinmodelrender.h(89): warning C4305: '引数': 'double' から 'float' へ切り詰めます。
c:\users\taiki.w\git\tgame\zekegame\zekegame\engine\graphics\skinmodelrender.h(91): warning C4305: '引数': 'double' から 'float' へ切り詰めます。
  SkinModel.cpp
c:\users\taiki.w\git\tgame\zekegame\zekegame\engine\graphics\skinmodel.h(132): warning C4305: '引数': 'double' から 'float' へ切り詰めます。
c:\users\taiki.w\git\tgame\zekegame\zekegame\engine\graphics\skinmodelrender.h(89): warning C4305: '引数': 'double' から 'float' へ切り詰めます。
c:\users\taiki.w\git\tgame\zekegame\zekegame\engine\graphics\skinmodelrender.h(91): warning C4305: '引数': 'double' から 'float' へ切り詰めます。
  SkinModelDataManager.cpp
c:\users\taiki.w\git\tgame\zekegame\zekegame\engine\graphics\skinmodel.h(132): warning C4305: '引数': 'double' から 'float' へ切り詰めます。
c:\users\taiki.w\git\tgame\zekegame\zekegame\engine\graphics\skinmodelrender.h(89): warning C4305: '引数': 'double' から 'float' へ切り詰めます。
c:\users\taiki.w\git\tgame\zekegame\zekegame\engine\graphics\skinmodelrender.h(91): warning C4305: '引数': 'double' から 'float' へ切り詰めます。
  SkinModelEffect.cpp
c:\users\taiki.w\git\tgame\zekegame\zekegame\engine\graphics\skinmodel.h(132): warning C4305: '引数': 'double' から 'float' へ切り詰めます。
c:\users\taiki.w\git\tgame\zekegame\zekegame\engine\graphics\skinmodelrender.h(89): warning C4305: '引数': 'double' から 'float' へ切り詰めます。
c:\users\taiki.w\git\tgame\zekegame\zekegame\engine\graphics\skinmodelrender.h(91): warning C4305: '引数': 'double' から 'float' へ切り詰めます。
  SkinModelRender.cpp
c:\users\taiki.w\git\tgame\zekegame\zekegame\engine\graphics\skinmodel.h(132): warning C4305: '引数': 'double' から 'float' へ切り詰めます。
c:\users\taiki.w\git\tgame\zekegame\zekegame\engine\graphics\skinmodelrender.h(89): warning C4305: '引数': 'double' から 'float' へ切り詰めます。
c:\users\taiki.w\git\tgame\zekegame\zekegame\engine\graphics\skinmodelrender.h(91): warning C4305: '引数': 'double' から 'float' へ切り詰めます。
  SkinModelShaderConst.cpp
  SpringCamera.cpp
c:\users\taiki.w\git\tgame\zekegame\zekegame\engine\graphics\skinmodel.h(132): warning C4305: '引数': 'double' から 'float' へ切り詰めます。
c:\users\taiki.w\git\tgame\zekegame\zekegame\engine\graphics\skinmodelrender.h(89): warning C4305: '引数': 'double' から 'float' へ切り詰めます。
c:\users\taiki.w\git\tgame\zekegame\zekegame\engine\graphics\skinmodelrender.h(91): warning C4305: '引数': 'double' から 'float' へ切り詰めます。
  SpriteRender.cpp
c:\users\taiki.w\git\tgame\zekegame\zekegame\engine\graphics\skinmodel.h(132): warning C4305: '引数': 'double' から 'float' へ切り詰めます。
c:\users\taiki.w\git\tgame\zekegame\zekegame\engine\graphics\skinmodelrender.h(89): warning C4305: '引数': 'double' から 'float' へ切り詰めます。
c:\users\taiki.w\git\tgame\zekegame\zekegame\engine\graphics\skinmodelrender.h(91): warning C4305: '引数': 'double' から 'float' へ切り詰めます。
  Effect.cpp
c:\users\taiki.w\git\tgame\zekegame\zekegame\engine\graphics\skinmodel.h(132): warning C4305: '引数': 'double' から 'float' へ切り詰めます。
c:\users\taiki.w\git\tgame\zekegame\zekegame\engine\graphics\skinmodelrender.h(89): warning C4305: '引数': 'double' から 'float' へ切り詰めます。
c:\users\taiki.w\git\tgame\zekegame\zekegame\engine\graphics\skinmodelrender.h(91): warning C4305: '引数': 'double' から 'float' へ切り詰めます。
  コンパイル中...
  SpBuffer.cpp
c:\users\taiki.w\git\tgame\zekegame\zekegame\engine\graphics\skinmodel.h(132): warning C4305: '引数': 'double' から 'float' へ切り詰めます。
c:\users\taiki.w\git\tgame\zekegame\zekegame\engine\graphics\skinmodelrender.h(89): warning C4305: '引数': 'double' から 'float' へ切り詰めます。
c:\users\taiki.w\git\tgame\zekegame\zekegame\engine\graphics\skinmodelrender.h(91): warning C4305: '引数': 'double' から 'float' へ切り詰めます。
  Sprite.cpp
c:\users\taiki.w\git\tgame\zekegame\zekegame\engine\graphics\skinmodel.h(132): warning C4305: '引数': 'double' から 'float' へ切り詰めます。
c:\users\taiki.w\git\tgame\zekegame\zekegame\engine\graphics\skinmodelrender.h(89): warning C4305: '引数': 'double' から 'float' へ切り詰めます。
c:\users\taiki.w\git\tgame\zekegame\zekegame\engine\graphics\skinmodelrender.h(91): warning C4305: '引数': 'double' から 'float' へ切り詰めます。
c:\users\taiki.w\git\tgame\zekegame\zekegame\engine\graphics\sprite\sprite.cpp(75): warning C4101: 'filePath': ローカル変数は 1 度も使われていません。
  StructedBuffer.cpp
c:\users\taiki.w\git\tgame\zekegame\zekegame\engine\graphics\skinmodel.h(132): warning C4305: '引数': 'double' から 'float' へ切り詰めます。
c:\users\taiki.w\git\tgame\zekegame\zekegame\engine\graphics\skinmodelrender.h(89): warning C4305: '引数': 'double' から 'float' へ切り詰めます。
c:\users\taiki.w\git\tgame\zekegame\zekegame\engine\graphics\skinmodelrender.h(91): warning C4305: '引数': 'double' から 'float' へ切り詰めます。
c:\users\taiki.w\git\tgame\zekegame\zekegame\engine\graphics\structedbuffer.h(6): warning C4099: 'ID3D11Buffer': タイプ名は最初 'struct' として使われていましたが 'class' として使われています。
  c:\program files (x86)\windows kits\10\include\10.0.16299.0\um\d3d11.h(2408): note: 'ID3D11Buffer' の宣言を確認してください
  TScopedResource.cpp
c:\users\taiki.w\git\tgame\zekegame\zekegame\engine\graphics\skinmodel.h(132): warning C4305: '引数': 'double' から 'float' へ切り詰めます。
c:\users\taiki.w\git\tgame\zekegame\zekegame\engine\graphics\skinmodelrender.h(89): warning C4305: '引数': 'double' から 'float' へ切り詰めます。
c:\users\taiki.w\git\tgame\zekegame\zekegame\engine\graphics\skinmodelrender.h(91): warning C4305: '引数': 'double' から 'float' へ切り詰めます。
  Pad.cpp
c:\users\taiki.w\git\tgame\zekegame\zekegame\engine\graphics\skinmodel.h(132): warning C4305: '引数': 'double' から 'float' へ切り詰めます。
c:\users\taiki.w\git\tgame\zekegame\zekegame\engine\graphics\skinmodelrender.h(89): warning C4305: '引数': 'double' から 'float' へ切り詰めます。
c:\users\taiki.w\git\tgame\zekegame\zekegame\engine\graphics\skinmodelrender.h(91): warning C4305: '引数': 'double' から 'float' へ切り詰めます。
c:\users\taiki.w\git\tgame\zekegame\zekegame\engine\hid\pad.cpp(262): warning C4244: '=': 'LONG' から 'float' への変換です。データが失われる可能性があります。
c:\users\taiki.w\git\tgame\zekegame\zekegame\engine\hid\pad.cpp(263): warning C4244: '=': 'LONG' から 'float' への変換です。データが失われる可能性があります。
c:\users\taiki.w\git\tgame\zekegame\zekegame\engine\hid\pad.cpp(289): warning C4244: '=': 'LONG' から 'float' への変換です。データが失われる可能性があります。
c:\users\taiki.w\git\tgame\zekegame\zekegame\engine\hid\pad.cpp(290): warning C4244: '=': 'LONG' から 'float' への変換です。データが失われる可能性があります。
  Level.cpp
c:\users\taiki.w\git\tgame\zekegame\zekegame\engine\graphics\skinmodel.h(132): warning C4305: '引数': 'double' から 'float' へ切り詰めます。
c:\users\taiki.w\git\tgame\zekegame\zekegame\engine\graphics\skinmodelrender.h(89): warning C4305: '引数': 'double' から 'float' へ切り詰めます。
c:\users\taiki.w\git\tgame\zekegame\zekegame\engine\graphics\skinmodelrender.h(91): warning C4305: '引数': 'double' から 'float' へ切り詰めます。
  MapChip.cpp
c:\users\taiki.w\git\tgame\zekegame\zekegame\engine\graphics\skinmodel.h(132): warning C4305: '引数': 'double' から 'float' へ切り詰めます。
c:\users\taiki.w\git\tgame\zekegame\zekegame\engine\graphics\skinmodelrender.h(89): warning C4305: '引数': 'double' から 'float' へ切り詰めます。
c:\users\taiki.w\git\tgame\zekegame\zekegame\engine\graphics\skinmodelrender.h(91): warning C4305: '引数': 'double' から 'float' へ切り詰めます。
  kMath.cpp
c:\users\taiki.w\git\tgame\zekegame\zekegame\engine\graphics\skinmodel.h(132): warning C4305: '引数': 'double' から 'float' へ切り詰めます。
c:\users\taiki.w\git\tgame\zekegame\zekegame\engine\graphics\skinmodelrender.h(89): warning C4305: '引数': 'double' から 'float' へ切り詰めます。
c:\users\taiki.w\git\tgame\zekegame\zekegame\engine\graphics\skinmodelrender.h(91): warning C4305: '引数': 'double' から 'float' へ切り詰めます。
  Matrix.cpp
c:\users\taiki.w\git\tgame\zekegame\zekegame\engine\graphics\skinmodel.h(132): warning C4305: '引数': 'double' から 'float' へ切り詰めます。
c:\users\taiki.w\git\tgame\zekegame\zekegame\engine\graphics\skinmodelrender.h(89): warning C4305: '引数': 'double' から 'float' へ切り詰めます。
c:\users\taiki.w\git\tgame\zekegame\zekegame\engine\graphics\skinmodelrender.h(91): warning C4305: '引数': 'double' から 'float' へ切り詰めます。
  Vector.cpp
c:\users\taiki.w\git\tgame\zekegame\zekegame\engine\graphics\skinmodel.h(132): warning C4305: '引数': 'double' から 'float' へ切り詰めます。
c:\users\taiki.w\git\tgame\zekegame\zekegame\engine\graphics\skinmodelrender.h(89): warning C4305: '引数': 'double' から 'float' へ切り詰めます。
c:\users\taiki.w\git\tgame\zekegame\zekegame\engine\graphics\skinmodelrender.h(91): warning C4305: '引数': 'double' から 'float' へ切り詰めます。
  CListener.cpp
  NetworkLogic.cpp
c:\users\taiki.w\git\tgame\zekegame\zekegame\engine\graphics\skinmodel.h(132): warning C4305: '引数': 'double' から 'float' へ切り詰めます。
c:\users\taiki.w\git\tgame\zekegame\zekegame\engine\graphics\skinmodelrender.h(89): warning C4305: '引数': 'double' から 'float' へ切り詰めます。
c:\users\taiki.w\git\tgame\zekegame\zekegame\engine\graphics\skinmodelrender.h(91): warning C4305: '引数': 'double' から 'float' へ切り詰めます。
  CapsuleCollider.cpp
c:\users\taiki.w\git\tgame\zekegame\zekegame\engine\graphics\skinmodel.h(132): warning C4305: '引数': 'double' から 'float' へ切り詰めます。
c:\users\taiki.w\git\tgame\zekegame\zekegame\engine\graphics\skinmodelrender.h(89): warning C4305: '引数': 'double' から 'float' へ切り詰めます。
c:\users\taiki.w\git\tgame\zekegame\zekegame\engine\graphics\skinmodelrender.h(91): warning C4305: '引数': 'double' から 'float' へ切り詰めます。
  CSphereCollider.cpp
c:\users\taiki.w\git\tgame\zekegame\zekegame\engine\graphics\skinmodel.h(132): warning C4305: '引数': 'double' から 'float' へ切り詰めます。
c:\users\taiki.w\git\tgame\zekegame\zekegame\engine\graphics\skinmodelrender.h(89): warning C4305: '引数': 'double' から 'float' へ切り詰めます。
c:\users\taiki.w\git\tgame\zekegame\zekegame\engine\graphics\skinmodelrender.h(91): warning C4305: '引数': 'double' から 'float' へ切り詰めます。
  MeshCollider.cpp
c:\users\taiki.w\git\tgame\zekegame\zekegame\engine\graphics\skinmodel.h(132): warning C4305: '引数': 'double' から 'float' へ切り詰めます。
c:\users\taiki.w\git\tgame\zekegame\zekegame\engine\graphics\skinmodelrender.h(89): warning C4305: '引数': 'double' から 'float' へ切り詰めます。
c:\users\taiki.w\git\tgame\zekegame\zekegame\engine\graphics\skinmodelrender.h(91): warning C4305: '引数': 'double' から 'float' へ切り詰めます。
  Physics.cpp
c:\users\taiki.w\git\tgame\zekegame\zekegame\engine\graphics\skinmodel.h(132): warning C4305: '引数': 'double' から 'float' へ切り詰めます。
c:\users\taiki.w\git\tgame\zekegame\zekegame\engine\graphics\skinmodelrender.h(89): warning C4305: '引数': 'double' から 'float' へ切り詰めます。
c:\users\taiki.w\git\tgame\zekegame\zekegame\engine\graphics\skinmodelrender.h(91): warning C4305: '引数': 'double' から 'float' へ切り詰めます。
  PhysicsStaticObject.cpp
c:\users\taiki.w\git\tgame\zekegame\zekegame\engine\graphics\skinmodel.h(132): warning C4305: '引数': 'double' から 'float' へ切り詰めます。
c:\users\taiki.w\git\tgame\zekegame\zekegame\engine\graphics\skinmodelrender.h(89): warning C4305: '引数': 'double' から 'float' へ切り詰めます。
c:\users\taiki.w\git\tgame\zekegame\zekegame\engine\graphics\skinmodelrender.h(91): warning C4305: '引数': 'double' から 'float' へ切り詰めます。
  RigitBody.cpp
c:\users\taiki.w\git\tgame\zekegame\zekegame\engine\graphics\skinmodel.h(132): warning C4305: '引数': 'double' から 'float' へ切り詰めます。
c:\users\taiki.w\git\tgame\zekegame\zekegame\engine\graphics\skinmodelrender.h(89): warning C4305: '引数': 'double' から 'float' へ切り詰めます。
c:\users\taiki.w\git\tgame\zekegame\zekegame\engine\graphics\skinmodelrender.h(91): warning C4305: '引数': 'double' から 'float' へ切り詰めます。
  PreCompile.cpp
  SoundEngine.cpp
c:\users\taiki.w\git\tgame\zekegame\zekegame\engine\graphics\skinmodel.h(132): warning C4305: '引数': 'double' から 'float' へ切り詰めます。
c:\users\taiki.w\git\tgame\zekegame\zekegame\engine\graphics\skinmodelrender.h(89): warning C4305: '引数': 'double' から 'float' へ切り詰めます。
c:\users\taiki.w\git\tgame\zekegame\zekegame\engine\graphics\skinmodelrender.h(91): warning C4305: '引数': 'double' から 'float' へ切り詰めます。
  コンパイル中...
  Window.cpp
c:\users\taiki.w\git\tgame\zekegame\zekegame\engine\graphics\skinmodel.h(132): warning C4305: '引数': 'double' から 'float' へ切り詰めます。
c:\users\taiki.w\git\tgame\zekegame\zekegame\engine\graphics\skinmodelrender.h(89): warning C4305: '引数': 'double' から 'float' へ切り詰めます。
c:\users\taiki.w\git\tgame\zekegame\zekegame\engine\graphics\skinmodelrender.h(91): warning C4305: '引数': 'double' から 'float' へ切り詰めます。
  GameCamera.cpp
c:\users\taiki.w\git\tgame\zekegame\zekegame\engine\graphics\skinmodel.h(132): warning C4305: '引数': 'double' から 'float' へ切り詰めます。
c:\users\taiki.w\git\tgame\zekegame\zekegame\engine\graphics\skinmodelrender.h(89): warning C4305: '引数': 'double' から 'float' へ切り詰めます。
c:\users\taiki.w\git\tgame\zekegame\zekegame\engine\graphics\skinmodelrender.h(91): warning C4305: '引数': 'double' から 'float' へ切り詰めます。
  Game.cpp
c:\users\taiki.w\git\tgame\zekegame\zekegame\engine\graphics\skinmodel.h(132): warning C4305: '引数': 'double' から 'float' へ切り詰めます。
c:\users\taiki.w\git\tgame\zekegame\zekegame\engine\graphics\skinmodelrender.h(89): warning C4305: '引数': 'double' から 'float' へ切り詰めます。
c:\users\taiki.w\git\tgame\zekegame\zekegame\engine\graphics\skinmodelrender.h(91): warning C4305: '引数': 'double' から 'float' へ切り詰めます。
  main.cpp
c:\users\taiki.w\git\tgame\zekegame\zekegame\engine\graphics\skinmodel.h(132): warning C4305: '引数': 'double' から 'float' へ切り詰めます。
c:\users\taiki.w\git\tgame\zekegame\zekegame\engine\graphics\skinmodelrender.h(89): warning C4305: '引数': 'double' から 'float' へ切り詰めます。
c:\users\taiki.w\git\tgame\zekegame\zekegame\engine\graphics\skinmodelrender.h(91): warning C4305: '引数': 'double' から 'float' へ切り詰めます。
  Monster.cpp
c:\users\taiki.w\git\tgame\zekegame\zekegame\engine\graphics\skinmodel.h(132): warning C4305: '引数': 'double' から 'float' へ切り詰めます。
c:\users\taiki.w\git\tgame\zekegame\zekegame\engine\graphics\skinmodelrender.h(89): warning C4305: '引数': 'double' から 'float' へ切り詰めます。
c:\users\taiki.w\git\tgame\zekegame\zekegame\engine\graphics\skinmodelrender.h(91): warning C4305: '引数': 'double' から 'float' へ切り詰めます。
  MonsterAction.cpp
c:\users\taiki.w\git\tgame\zekegame\zekegame\engine\graphics\skinmodel.h(132): warning C4305: '引数': 'double' から 'float' へ切り詰めます。
c:\users\taiki.w\git\tgame\zekegame\zekegame\engine\graphics\skinmodelrender.h(89): warning C4305: '引数': 'double' から 'float' へ切り詰めます。
c:\users\taiki.w\git\tgame\zekegame\zekegame\engine\graphics\skinmodelrender.h(91): warning C4305: '引数': 'double' から 'float' へ切り詰めます。
  MonsterAI.cpp
c:\users\taiki.w\git\tgame\zekegame\zekegame\engine\graphics\skinmodel.h(132): warning C4305: '引数': 'double' から 'float' へ切り詰めます。
c:\users\taiki.w\git\tgame\zekegame\zekegame\engine\graphics\skinmodelrender.h(89): warning C4305: '引数': 'double' から 'float' へ切り詰めます。
c:\users\taiki.w\git\tgame\zekegame\zekegame\engine\graphics\skinmodelrender.h(91): warning C4305: '引数': 'double' から 'float' へ切り詰めます。
  TestAction.cpp
  TestMons.cpp
c:\users\taiki.w\git\tgame\zekegame\zekegame\engine\graphics\skinmodel.h(132): warning C4305: '引数': 'double' から 'float' へ切り詰めます。
c:\users\taiki.w\git\tgame\zekegame\zekegame\engine\graphics\skinmodelrender.h(89): warning C4305: '引数': 'double' から 'float' へ切り詰めます。
c:\users\taiki.w\git\tgame\zekegame\zekegame\engine\graphics\skinmodelrender.h(91): warning C4305: '引数': 'double' から 'float' へ切り詰めます。
  stdafx.cpp
c:\users\taiki.w\git\tgame\zekegame\zekegame\engine\graphics\skinmodel.h(132): warning C4305: '引数': 'double' から 'float' へ切り詰めます。
c:\users\taiki.w\git\tgame\zekegame\zekegame\engine\graphics\skinmodelrender.h(89): warning C4305: '引数': 'double' から 'float' へ切り詰めます。
c:\users\taiki.w\git\tgame\zekegame\zekegame\engine\graphics\skinmodelrender.h(91): warning C4305: '引数': 'double' から 'float' へ切り詰めます。
  コード生成しています。
  All 5203 functions were compiled because no usable IPDB/IOBJ from previous compilation was found.
  コード生成が終了しました。
  ZekeGame.vcxproj -> C:\Users\Taiki.W\git\TGame\ZekeGame\x64\Release\ZekeGame.exe
