C:\Program Files (x86)\Microsoft Visual Studio\2017\Community\Common7\IDE\VC\VCTargets\Microsoft.CppBuild.targets(377,5): warning MSB8004: Output ディレクトリの末尾がスラッシュではありません。Output ディレクトリが適切に評価されるようにするために、このビルド インスタンスによってスラッシュが追加されます。
cl : コマンド ライン warning D9002: 不明なオプション '/arch:SSE2' を無視します。
cl : コマンド ライン warning D9002: 不明なオプション '/arch:SSE2' を無視します。
  Culling3D.Grid.cpp
cl : コマンド ライン warning D9002: 不明なオプション '/arch:SSE2' を無視します。
  Culling3D.Layer.cpp
cl : コマンド ライン warning D9002: 不明なオプション '/arch:SSE2' を無視します。
  Culling3D.Matrix44.cpp
cl : コマンド ライン warning D9002: 不明なオプション '/arch:SSE2' を無視します。
  Culling3D.ObjectInternal.cpp
c:\users\taiki.w\git\engine\zekegame\zekegame\engine\effekseerruntime130\src\effekseer\effekseer\culling\culling3d.h(152): warning C4244: 'return': 'double' から 'float' への変換です。データが失われる可能性があります。 (ソース ファイルをコンパイルしています Effekseer\Culling\Culling3D.Layer.cpp)
c:\users\taiki.w\git\engine\zekegame\zekegame\engine\effekseerruntime130\src\effekseer\effekseer\culling\culling3d.h(152): warning C4244: 'return': 'double' から 'float' への変換です。データが失われる可能性があります。 (ソース ファイルをコンパイルしています Effekseer\Culling\Culling3D.Matrix44.cpp)
c:\users\taiki.w\git\engine\zekegame\zekegame\engine\effekseerruntime130\src\effekseer\effekseer\culling\culling3d.h(152): warning C4244: 'return': 'double' から 'float' への変換です。データが失われる可能性があります。 (ソース ファイルをコンパイルしています Effekseer\Culling\Culling3D.Grid.cpp)
c:\users\taiki.w\git\engine\zekegame\zekegame\engine\effekseerruntime130\src\effekseer\effekseer\culling\culling3d.h(152): warning C4244: 'return': 'double' から 'float' への変換です。データが失われる可能性があります。 (ソース ファイルをコンパイルしています Effekseer\Culling\Culling3D.ObjectInternal.cpp)
c:\users\taiki.w\git\engine\zekegame\zekegame\engine\effekseerruntime130\src\effekseer\effekseer\culling\culling3d.objectinternal.h(41): warning C4244: '=': 'double' から 'float' への変換です。データが失われる可能性があります。 (ソース ファイルをコンパイルしています Effekseer\Culling\Culling3D.ObjectInternal.cpp)
  Culling3D.ReferenceObject.cpp
c:\users\taiki.w\git\engine\zekegame\zekegame\engine\effekseerruntime130\src\effekseer\effekseer\culling\culling3d.h(152): warning C4244: 'return': 'double' から 'float' への変換です。データが失われる可能性があります。 (ソース ファイルをコンパイルしています Effekseer\Culling\Culling3D.ReferenceObject.cpp)
  Culling3D.Vector3DF.cpp
c:\users\taiki.w\git\engine\zekegame\zekegame\engine\effekseerruntime130\src\effekseer\effekseer\culling\culling3d.h(152): warning C4244: 'return': 'double' から 'float' への変換です。データが失われる可能性があります。 (ソース ファイルをコンパイルしています Effekseer\Culling\Culling3D.Vector3DF.cpp)
c:\users\taiki.w\git\engine\zekegame\zekegame\engine\effekseerruntime130\src\effekseer\effekseer\culling\culling3d.grid.cpp(20): warning C4267: '=': 'size_t' から 'int32_t' に変換しました。データが失われているかもしれません。
c:\users\taiki.w\git\engine\zekegame\zekegame\engine\effekseerruntime130\src\effekseer\effekseer\culling\culling3d.worldinternal.h(56): warning C4267: 'return': 'size_t' から 'int32_t' に変換しました。データが失われているかもしれません。 (ソース ファイルをコンパイルしています Effekseer\Culling\Culling3D.ObjectInternal.cpp)
c:\users\taiki.w\git\engine\zekegame\zekegame\engine\effekseerruntime130\src\effekseer\effekseer\culling\culling3d.vector3df.cpp(120): warning C4244: 'return': 'double' から 'float' への変換です。データが失われる可能性があります。
  Culling3D.WorldInternal.cpp
  Effekseer.Client.cpp
  Effekseer.Color.cpp
c:\users\taiki.w\git\engine\zekegame\zekegame\engine\effekseerruntime130\src\effekseer\effekseer\culling\culling3d.h(152): warning C4244: 'return': 'double' から 'float' への変換です。データが失われる可能性があります。 (ソース ファイルをコンパイルしています Effekseer\Culling\Culling3D.WorldInternal.cpp)
  Effekseer.CriticalSection.cpp
c:\users\taiki.w\git\engine\zekegame\zekegame\engine\effekseerruntime130\src\effekseer\effekseer\culling\culling3d.worldinternal.h(56): warning C4267: 'return': 'size_t' から 'int32_t' に変換しました。データが失われているかもしれません。 (ソース ファイルをコンパイルしています Effekseer\Culling\Culling3D.WorldInternal.cpp)
  Effekseer.DefaultEffectLoader.cpp
c:\users\taiki.w\git\engine\zekegame\zekegame\engine\effekseerruntime130\src\effekseer\effekseer\effekseer.client.cpp(186): warning C4267: '初期化中': 'size_t' から 'int32_t' に変換しました。データが失われているかもしれません。
c:\users\taiki.w\git\engine\zekegame\zekegame\engine\effekseerruntime130\src\effekseer\effekseer\effekseer.client.cpp(229): warning C4267: '引数': 'size_t' から 'int32_t' に変換しました。データが失われているかもしれません。
  Effekseer.DefaultFile.cpp
  Effekseer.Effect.cpp
  Effekseer.EffectNode.cpp
c:\users\taiki.w\git\engine\zekegame\zekegame\engine\effekseerruntime130\src\effekseer\effekseer\effekseer.defaulteffectloader.cpp(47): warning C4267: '=': 'size_t' から 'int32_t' に変換しました。データが失われているかもしれません。
  Effekseer.EffectNodeModel.cpp
c:\users\taiki.w\git\engine\zekegame\zekegame\engine\effekseerruntime130\src\effekseer\effekseer\effekseer.managerimplemented.h(568): warning C4267: 'return': 'size_t' から 'int32_t' に変換しました。データが失われているかもしれません。 (ソース ファイルをコンパイルしています Effekseer\Effekseer.Effect.cpp)
  Effekseer.EffectNodeRibbon.cpp
  Effekseer.EffectNodeRing.cpp
  Effekseer.EffectNodeRoot.cpp
  Effekseer.EffectNodeSprite.cpp
  Effekseer.EffectNodeTrack.cpp
  Effekseer.FCurves.cpp
  Effekseer.Instance.cpp
  Effekseer.InstanceContainer.cpp
c:\users\taiki.w\git\engine\zekegame\zekegame\engine\effekseerruntime130\src\effekseer\effekseer\effekseer.effectnodetrack.cpp(141): warning C4244: '初期化中': 'const float' から 'int32_t' への変換です。データが失われる可能性があります。
c:\users\taiki.w\git\engine\zekegame\zekegame\engine\effekseerruntime130\src\effekseer\effekseer\effekseer.effectnodetrack.cpp(142): warning C4244: '初期化中': 'const float' から 'int32_t' への変換です。データが失われる可能性があります。
c:\users\taiki.w\git\engine\zekegame\zekegame\engine\effekseerruntime130\src\effekseer\effekseer\effekseer.effectnodetrack.cpp(204): warning C4244: '初期化中': 'float' から 'int32_t' への変換です。データが失われる可能性があります。
c:\users\taiki.w\git\engine\zekegame\zekegame\engine\effekseerruntime130\src\effekseer\effekseer\effekseer.effectnodetrack.cpp(205): warning C4244: '初期化中': 'float' から 'int32_t' への変換です。データが失われる可能性があります。
c:\users\taiki.w\git\engine\zekegame\zekegame\engine\effekseerruntime130\src\effekseer\effekseer\effekseer.effectnodetrack.cpp(233): warning C4244: '初期化中': 'float' から 'int32_t' への変換です。データが失われる可能性があります。
c:\users\taiki.w\git\engine\zekegame\zekegame\engine\effekseerruntime130\src\effekseer\effekseer\effekseer.effectnodetrack.cpp(234): warning C4244: '初期化中': 'float' から 'int32_t' への変換です。データが失われる可能性があります。
  Effekseer.InstanceGlobal.cpp
  Effekseer.InstanceGroup.cpp
c:\users\taiki.w\git\engine\zekegame\zekegame\engine\effekseerruntime130\src\effekseer\effekseer\effekseer.managerimplemented.h(568): warning C4267: 'return': 'size_t' から 'int32_t' に変換しました。データが失われているかもしれません。 (ソース ファイルをコンパイルしています Effekseer\Effekseer.Instance.cpp)
c:\users\taiki.w\git\engine\zekegame\zekegame\engine\effekseerruntime130\src\effekseer\effekseer\effekseer.instance.cpp(1373): warning C4244: '引数': 'float' から 'int32_t' への変換です。データが失われる可能性があります。
c:\users\taiki.w\git\engine\zekegame\zekegame\engine\effekseerruntime130\src\effekseer\effekseer\effekseer.instance.cpp(1374): warning C4244: '引数': 'float' から 'int32_t' への変換です。データが失われる可能性があります。
c:\users\taiki.w\git\engine\zekegame\zekegame\engine\effekseerruntime130\src\effekseer\effekseer\effekseer.instance.cpp(1375): warning C4244: '引数': 'float' から 'int32_t' への変換です。データが失われる可能性があります。
c:\users\taiki.w\git\engine\zekegame\zekegame\engine\effekseerruntime130\src\effekseer\effekseer\effekseer.instance.cpp(1376): warning C4244: '引数': 'float' から 'int32_t' への変換です。データが失われる可能性があります。
  Effekseer.Setting.cpp
c:\users\taiki.w\git\engine\zekegame\zekegame\engine\effekseerruntime130\src\effekseer\effekseer\effekseer.instancecontainer.cpp(27): warning C4267: '引数': 'size_t' から 'unsigned int' に変換しました。データが失われているかもしれません。
  Effekseer.Manager.cpp
c:\users\taiki.w\git\engine\zekegame\zekegame\engine\effekseerruntime130\src\effekseer\effekseer\effekseer.managerimplemented.h(568): warning C4267: 'return': 'size_t' から 'int32_t' に変換しました。データが失われているかもしれません。 (ソース ファイルをコンパイルしています Effekseer\Effekseer.InstanceGroup.cpp)
  Effekseer.Matrix43.cpp
  Effekseer.Matrix44.cpp
  Effekseer.RectF.cpp
c:\users\taiki.w\git\engine\zekegame\zekegame\engine\effekseerruntime130\src\effekseer\effekseer\effekseer.managerimplemented.h(568): warning C4267: 'return': 'size_t' から 'int32_t' に変換しました。データが失われているかもしれません。 (ソース ファイルをコンパイルしています Effekseer\Effekseer.Manager.cpp)
  Effekseer.Server.cpp
  Effekseer.Socket.cpp
  Effekseer.Thread.cpp
  Effekseer.Vector2D.cpp
  Effekseer.Vector3D.cpp
c:\users\taiki.w\git\engine\zekegame\zekegame\engine\effekseerruntime130\src\effekseer\effekseer\effekseer.server.cpp(276): warning C4267: '初期化中': 'size_t' から 'int32_t' に変換しました。データが失われているかもしれません。
c:\users\taiki.w\git\engine\zekegame\zekegame\engine\effekseerruntime130\src\effekseer\effekseer\effekseer.server.cpp(316): warning C4267: '引数': 'size_t' から 'int32_t' に変換しました。データが失われているかもしれません。
c:\users\taiki.w\git\engine\zekegame\zekegame\engine\effekseerruntime130\src\effekseer\effekseer\effekseer.server.cpp(320): warning C4267: '引数': 'size_t' から 'int32_t' に変換しました。データが失われているかもしれません。
c:\users\taiki.w\git\engine\zekegame\zekegame\engine\effekseerruntime130\src\effekseer\effekseer\effekseer.server.cpp(387): warning C4267: '初期化中': 'size_t' から 'int32_t' に変換しました。データが失われているかもしれません。
c:\users\taiki.w\git\engine\zekegame\zekegame\engine\effekseerruntime130\src\effekseer\effekseer\effekseer.server.cpp(403): warning C4267: '引数': 'size_t' から 'int32_t' に変換しました。データが失われているかもしれません。
c:\users\taiki.w\git\engine\zekegame\zekegame\engine\effekseerruntime130\src\effekseer\effekseer\effekseer.server.cpp(407): warning C4267: '引数': 'size_t' から 'int32_t' に変換しました。データが失われているかもしれません。
  Effekseer.vcxproj -> C:\Users\Taiki.W\git\Engine\ZekeGame\ZekeGame\Engine\EffekseerRuntime130\src\Effekseer\..\..\..\..\exlib\Release\Effekseer.Release.lib
