  Assets\Sprite\Test.png
  Assets\modelData\Test.FBX
  CharacterController.cpp
  Engine.cpp
  EngineStruct.cpp
  FPSCounter.cpp
  CTransform.cpp
  GameObject.cpp
  GameObjectManager.cpp
  Animation.cpp
  AnimationClip.cpp
  AnimationPlayController.cpp
  Camera.cpp
  CCameraCollisionSlover.cpp
  CConstantBuffer.cpp
  CIndexBuffer.cpp
  CPrimitive.cpp
  CRenderContext.cpp
  CSamplerState.cpp
  CShader.cpp
  CShaderResource.cpp
  CUnorderedAccessView.cpp
  コードを生成中...
  コンパイル中...
  CUtil.cpp
  CVertexBuffer.cpp
  CEffect.cpp
  CEffectEngine.cpp
  CFONT.cpp
  CGPUBuffer.cpp
  GraphicsEngine.cpp
  RenderTarget.cpp
  Shader.cpp
  ShaderResouceView.cpp
  ShaderResources.cpp
  Skelton.cpp
  SkinModel.cpp
  SkinModelDataManager.cpp
  SkinModelEffect.cpp
  SkinModelRender.cpp
  SkinModelShaderConst.cpp
  SpringCamera.cpp
  SpriteRender.cpp
  Effect.cpp
  コードを生成中...
  コンパイル中...
  SpBuffer.cpp
  Sprite.cpp
  StructedBuffer.cpp
  TScopedResource.cpp
  Pad.cpp
  Level.cpp
  MapChip.cpp
  kMath.cpp
  Matrix.cpp
  Vector.cpp
  NetworkLogic.cpp
  CapsuleCollider.cpp
  CSphereCollider.cpp
  MeshCollider.cpp
  Physics.cpp
  PhysicsStaticObject.cpp
  RigitBody.cpp
  PreCompile.cpp
  SoundEngine.cpp
  Window.cpp
  コードを生成中...
  コンパイル中...
  GameCamera.cpp
  Game.cpp
  main.cpp
  Monster.cpp
  MonsterAction.cpp
  MonsterAI.cpp
  TestAction.cpp
  TestMons.cpp
  stdafx.cpp
  コードを生成中...
LinearMath_Debug.lib(btAlignedAllocator.obj) : warning LNK4099: PDB 'LinearMath.pdb' が 'LinearMath_Debug.lib(btAlignedAllocator.obj)' で、または 'C:\Users\Taiki.W\git\TGame\ZekeGame\x64\Debug\LinearMath.pdb' に見つかりません。デバッグ情報がないものとして、オブジェクトにリンクします。
LinearMath_Debug.lib(btConvexHullComputer.obj) : warning LNK4099: PDB 'LinearMath.pdb' が 'LinearMath_Debug.lib(btConvexHullComputer.obj)' で、または 'C:\Users\Taiki.W\git\TGame\ZekeGame\x64\Debug\LinearMath.pdb' に見つかりません。デバッグ情報がないものとして、オブジェクトにリンクします。
LinearMath_Debug.lib(btGeometryUtil.obj) : warning LNK4099: PDB 'LinearMath.pdb' が 'LinearMath_Debug.lib(btGeometryUtil.obj)' で、または 'C:\Users\Taiki.W\git\TGame\ZekeGame\x64\Debug\LinearMath.pdb' に見つかりません。デバッグ情報がないものとして、オブジェクトにリンクします。
LinearMath_Debug.lib(btQuickprof.obj) : warning LNK4099: PDB 'LinearMath.pdb' が 'LinearMath_Debug.lib(btQuickprof.obj)' で、または 'C:\Users\Taiki.W\git\TGame\ZekeGame\x64\Debug\LinearMath.pdb' に見つかりません。デバッグ情報がないものとして、オブジェクトにリンクします。
LinearMath_Debug.lib(btVector3.obj) : warning LNK4099: PDB 'LinearMath.pdb' が 'LinearMath_Debug.lib(btVector3.obj)' で、または 'C:\Users\Taiki.W\git\TGame\ZekeGame\x64\Debug\LinearMath.pdb' に見つかりません。デバッグ情報がないものとして、オブジェクトにリンクします。
  ZekeGame.vcxproj -> C:\Users\Taiki.W\git\TGame\ZekeGame\x64\Debug\ZekeGame.exe
