c:\users\gc1821\source\repos\mytgame\zekegame\zekegame\x64\debug\vc141.pdb
c:\users\gc1821\source\repos\mytgame\zekegame\zekegame\x64\debug\vc141.idb
c:\users\gc1821\source\repos\mytgame\zekegame\zekegame\x64\debug\cunorderedaccessview.obj
c:\users\gc1821\source\repos\mytgame\zekegame\zekegame\x64\debug\cshaderresource.obj
c:\users\gc1821\source\repos\mytgame\zekegame\zekegame\x64\debug\cshader.obj
c:\users\gc1821\source\repos\mytgame\zekegame\zekegame\x64\debug\csamplerstate.obj
c:\users\gc1821\source\repos\mytgame\zekegame\zekegame\x64\debug\crendercontext.obj
c:\users\gc1821\source\repos\mytgame\zekegame\zekegame\x64\debug\cprimitive.obj
c:\users\gc1821\source\repos\mytgame\zekegame\zekegame\x64\debug\cindexbuffer.obj
c:\users\gc1821\source\repos\mytgame\zekegame\zekegame\x64\debug\cconstantbuffer.obj
c:\users\gc1821\source\repos\mytgame\zekegame\zekegame\x64\debug\ccameracollisionslover.obj
c:\users\gc1821\source\repos\mytgame\zekegame\zekegame\x64\debug\camera.obj
c:\users\gc1821\source\repos\mytgame\zekegame\zekegame\x64\debug\animationplaycontroller.obj
c:\users\gc1821\source\repos\mytgame\zekegame\zekegame\x64\debug\animationclip.obj
c:\users\gc1821\source\repos\mytgame\zekegame\zekegame\x64\debug\animation.obj
c:\users\gc1821\source\repos\mytgame\zekegame\zekegame\x64\debug\gameobjectmanager.obj
c:\users\gc1821\source\repos\mytgame\zekegame\zekegame\x64\debug\gameobject.obj
c:\users\gc1821\source\repos\mytgame\zekegame\zekegame\x64\debug\ctransform.obj
c:\users\gc1821\source\repos\mytgame\zekegame\zekegame\x64\debug\fpscounter.obj
c:\users\gc1821\source\repos\mytgame\zekegame\zekegame\x64\debug\enginestruct.obj
c:\users\gc1821\source\repos\mytgame\zekegame\zekegame\x64\debug\engine.obj
c:\users\gc1821\source\repos\mytgame\zekegame\zekegame\x64\debug\charactercontroller.obj
c:\users\gc1821\source\repos\mytgame\zekegame\zekegame\x64\debug\effect.obj
c:\users\gc1821\source\repos\mytgame\zekegame\zekegame\x64\debug\spriterender.obj
c:\users\gc1821\source\repos\mytgame\zekegame\zekegame\x64\debug\springcamera.obj
c:\users\gc1821\source\repos\mytgame\zekegame\zekegame\x64\debug\skinmodelshaderconst.obj
c:\users\gc1821\source\repos\mytgame\zekegame\zekegame\x64\debug\skinmodelrender.obj
c:\users\gc1821\source\repos\mytgame\zekegame\zekegame\x64\debug\skinmodeleffect.obj
c:\users\gc1821\source\repos\mytgame\zekegame\zekegame\x64\debug\skinmodeldatamanager.obj
c:\users\gc1821\source\repos\mytgame\zekegame\zekegame\x64\debug\skinmodel.obj
c:\users\gc1821\source\repos\mytgame\zekegame\zekegame\x64\debug\skelton.obj
c:\users\gc1821\source\repos\mytgame\zekegame\zekegame\x64\debug\shaderresources.obj
c:\users\gc1821\source\repos\mytgame\zekegame\zekegame\x64\debug\shaderresouceview.obj
c:\users\gc1821\source\repos\mytgame\zekegame\zekegame\x64\debug\shader.obj
c:\users\gc1821\source\repos\mytgame\zekegame\zekegame\x64\debug\rendertarget.obj
c:\users\gc1821\source\repos\mytgame\zekegame\zekegame\x64\debug\graphicsengine.obj
c:\users\gc1821\source\repos\mytgame\zekegame\zekegame\x64\debug\cgpubuffer.obj
c:\users\gc1821\source\repos\mytgame\zekegame\zekegame\x64\debug\cfont.obj
c:\users\gc1821\source\repos\mytgame\zekegame\zekegame\x64\debug\ceffectengine.obj
c:\users\gc1821\source\repos\mytgame\zekegame\zekegame\x64\debug\ceffect.obj
c:\users\gc1821\source\repos\mytgame\zekegame\zekegame\x64\debug\cvertexbuffer.obj
c:\users\gc1821\source\repos\mytgame\zekegame\zekegame\x64\debug\cutil.obj
c:\users\gc1821\source\repos\mytgame\zekegame\zekegame\x64\debug\window.obj
c:\users\gc1821\source\repos\mytgame\zekegame\zekegame\x64\debug\soundengine.obj
c:\users\gc1821\source\repos\mytgame\zekegame\zekegame\x64\debug\precompile.obj
c:\users\gc1821\source\repos\mytgame\zekegame\zekegame\x64\debug\rigitbody.obj
c:\users\gc1821\source\repos\mytgame\zekegame\zekegame\x64\debug\physicsstaticobject.obj
c:\users\gc1821\source\repos\mytgame\zekegame\zekegame\x64\debug\physics.obj
c:\users\gc1821\source\repos\mytgame\zekegame\zekegame\x64\debug\meshcollider.obj
c:\users\gc1821\source\repos\mytgame\zekegame\zekegame\x64\debug\cspherecollider.obj
c:\users\gc1821\source\repos\mytgame\zekegame\zekegame\x64\debug\capsulecollider.obj
c:\users\gc1821\source\repos\mytgame\zekegame\zekegame\x64\debug\networklogic.obj
c:\users\gc1821\source\repos\mytgame\zekegame\zekegame\x64\debug\vector.obj
c:\users\gc1821\source\repos\mytgame\zekegame\zekegame\x64\debug\matrix.obj
c:\users\gc1821\source\repos\mytgame\zekegame\zekegame\x64\debug\kmath.obj
c:\users\gc1821\source\repos\mytgame\zekegame\zekegame\x64\debug\mapchip.obj
c:\users\gc1821\source\repos\mytgame\zekegame\zekegame\x64\debug\level.obj
c:\users\gc1821\source\repos\mytgame\zekegame\zekegame\x64\debug\pad.obj
c:\users\gc1821\source\repos\mytgame\zekegame\zekegame\x64\debug\tscopedresource.obj
c:\users\gc1821\source\repos\mytgame\zekegame\zekegame\x64\debug\structedbuffer.obj
c:\users\gc1821\source\repos\mytgame\zekegame\zekegame\x64\debug\sprite.obj
c:\users\gc1821\source\repos\mytgame\zekegame\zekegame\x64\debug\spbuffer.obj
c:\users\gc1821\source\repos\mytgame\zekegame\zekegame\x64\debug\stdafx.obj
c:\users\gc1821\source\repos\mytgame\zekegame\zekegame\x64\debug\testmons.obj
c:\users\gc1821\source\repos\mytgame\zekegame\zekegame\x64\debug\testaction.obj
c:\users\gc1821\source\repos\mytgame\zekegame\zekegame\x64\debug\monsterai.obj
c:\users\gc1821\source\repos\mytgame\zekegame\zekegame\x64\debug\monsteraction.obj
c:\users\gc1821\source\repos\mytgame\zekegame\zekegame\x64\debug\monster.obj
c:\users\gc1821\source\repos\mytgame\zekegame\zekegame\x64\debug\gamecamera.obj
c:\users\gc1821\source\repos\mytgame\zekegame\zekegame\x64\debug\main.obj
c:\users\gc1821\source\repos\mytgame\zekegame\zekegame\x64\debug\game.obj
c:\users\gc1821\source\repos\mytgame\zekegame\x64\debug\python36.dll
c:\users\gc1821\source\repos\mytgame\zekegame\x64\debug\python36_d.dll
c:\users\gc1821\source\repos\mytgame\zekegame\zekegame\assets\sprite\test.dds
c:\users\gc1821\source\repos\mytgame\zekegame\x64\debug\zekegame.exe
c:\users\gc1821\source\repos\mytgame\zekegame\x64\debug\zekegame.ilk
c:\users\gc1821\source\repos\mytgame\zekegame\x64\debug\zekegame.pdb
c:\users\gc1821\source\repos\mytgame\zekegame\zekegame\assets\modeldata\tesenemy2.cmo
c:\users\gc1821\source\repos\mytgame\zekegame\zekegame\assets\modeldata\_program files (x86)_microsoft visual studio_2017_community_common7_ide_extensions_microsoft_vsgraphics_assets_effects_phong.dgsl.cso
c:\users\gc1821\source\repos\mytgame\zekegame\zekegame\assets\modeldata\_users_gc1821_source_repos_mytgame_zekegame_zekegame_assets_modeldata_testmons_asu.png.dds
c:\users\gc1821\source\repos\mytgame\zekegame\zekegame\assets\modeldata\test.cmo
c:\users\gc1821\source\repos\mytgame\zekegame\zekegame\assets\modeldata\_users_gc1821_source_repos_mytgame_zekegame_zekegame_assets_modeldata_boxtex.png.dds
c:\users\gc1821\source\repos\mytgame\zekegame\zekegame\x64\debug\zekegame.tlog\cl.command.1.tlog
c:\users\gc1821\source\repos\mytgame\zekegame\zekegame\x64\debug\zekegame.tlog\cl.read.1.tlog
c:\users\gc1821\source\repos\mytgame\zekegame\zekegame\x64\debug\zekegame.tlog\cl.write.1.tlog
c:\users\gc1821\source\repos\mytgame\zekegame\zekegame\x64\debug\zekegame.tlog\copyfile.command.1.tlog
c:\users\gc1821\source\repos\mytgame\zekegame\zekegame\x64\debug\zekegame.tlog\copyfile.read.1.tlog
c:\users\gc1821\source\repos\mytgame\zekegame\zekegame\x64\debug\zekegame.tlog\copyfile.write.1.tlog
c:\users\gc1821\source\repos\mytgame\zekegame\zekegame\x64\debug\zekegame.tlog\imagecontenttask-vsgraphics.read.1.tlog
c:\users\gc1821\source\repos\mytgame\zekegame\zekegame\x64\debug\zekegame.tlog\imagecontenttask-vsgraphics.write.1.tlog
c:\users\gc1821\source\repos\mytgame\zekegame\zekegame\x64\debug\zekegame.tlog\link.command.1.tlog
c:\users\gc1821\source\repos\mytgame\zekegame\zekegame\x64\debug\zekegame.tlog\link.read.1.tlog
c:\users\gc1821\source\repos\mytgame\zekegame\zekegame\x64\debug\zekegame.tlog\link.write.1.tlog
c:\users\gc1821\source\repos\mytgame\zekegame\zekegame\x64\debug\zekegame.tlog\meshcontenttask-vsgraphics.22252.read.1.tlog
c:\users\gc1821\source\repos\mytgame\zekegame\zekegame\x64\debug\zekegame.tlog\meshcontenttask-vsgraphics.22252.write.1.tlog
c:\users\gc1821\source\repos\mytgame\zekegame\zekegame\x64\debug\zekegame.tlog\meshcontenttask-vsgraphics.read.1.tlog
c:\users\gc1821\source\repos\mytgame\zekegame\zekegame\x64\debug\zekegame.tlog\meshcontenttask-vsgraphics.write.1.tlog
